{"type":["init_ps"],"time":["2021-05-04 10:43:23"],"user":["Jana Russ"],"umph":[1620117803.9044],"ok":[true]}
,
{"type":["check_chunk"],"time":["2021-05-04 10:43:24"],"user":["Jana Russ"],"umph":[1620117804.6866],"ok":[true],"chunk":[1],"ex":[1],"e.ind":[0],"code":["library(wooldridge)\ndata(wage1)\nhead(wage1)\nskim(wage1)"],"message":[""]}
,
{"type":["check_chunk"],"time":["2021-05-04 10:43:24"],"user":["Jana Russ"],"umph":[1620117804.7242],"ok":[true],"chunk":[2],"ex":[1],"e.ind":[0],"code":["\nreg1 <- lm(wage ~ educ, data = wage1)\nsummary(reg1)\n\n# enter your code here ...\n"],"message":[""]}
,
{"type":["check_chunk"],"time":["2021-05-04 10:43:24"],"user":["Jana Russ"],"umph":[1620117804.7521],"ok":[false],"chunk":[3],"ex":[1],"e.ind":[1],"code":["\n# enter your code here ...\n"],"message":["\nYou have not yet entered all correct commands in chunk 1_c."]}
,
{"type":["check_ps"],"time":["2021-05-04 10:50:16"],"user":["Jana Russ"],"umph":[1620118216.1773],"ok":[true]}
,
{"type":["check_chunk"],"time":["2021-05-04 10:50:16"],"user":["Jana Russ"],"umph":[1620118216.2042],"ok":[false],"chunk":[3],"ex":[1],"e.ind":[1],"code":["\n\"ja\"\n"],"message":["\nYou have not yet entered all correct commands in chunk 1_c."]}
,
{"type":["check_ps"],"time":["2021-05-04 10:50:31"],"user":["Jana Russ"],"umph":[1620118231.6007],"ok":[true]}
,
{"type":["check_chunk"],"time":["2021-05-04 10:50:31"],"user":["Jana Russ"],"umph":[1620118231.6237],"ok":[true],"chunk":[3],"ex":[1],"e.ind":[0],"code":["\n\"nein\"\n"],"message":[""]}
,
{"type":["check_chunk"],"time":["2021-05-04 10:50:31"],"user":["Jana Russ"],"umph":[1620118231.6596],"ok":[false],"chunk":[4],"ex":[1],"e.ind":[0],"code":["wage1 %>%\n mutate(gender = ifelse(female==1,\".PH_._\",\".PH_._\")) %>%\n group_by(gender) %>%\n summarize(mean(.PH_._))\n\n# enter your code here ...\n"],"message":["evaluation error in \n  wage1 %>% mutate(gender = ifelse(female == 1, \"___\", \"___\")) %>% group_by(gender) %>% summarize(mean(___))\n  Error: Problem with `summarise()` input `..1`.\nx Objekt '___' nicht gefunden\ni Input `..1` is `mean(___)`.\ni The error occurred in group 1: gender = \"___\".\n"]}
,
{"type":["hint"],"time":["2021-05-04 11:06:34"],"user":["Jana Russ"],"umph":[1620119194.3586],"ok":[true],"chunk":[4],"ex":[1],"e.ind":[0]}
,
{"type":["check_ps"],"time":["2021-05-04 11:08:10"],"user":["Jana Russ"],"umph":[1620119290.3687],"ok":[true]}
,
{"type":["check_chunk"],"time":["2021-05-04 11:08:10"],"user":["Jana Russ"],"umph":[1620119290.4146],"ok":[true],"chunk":[4],"ex":[1],"e.ind":[0],"code":["wage1 %>%\n mutate(gender = ifelse(female==1,\"female\",\"male\")) %>%\n group_by(gender) %>%\n summarize(mean(educ))\n\n# enter your code here ...\n"],"message":[""]}
,
{"type":["check_chunk"],"time":["2021-05-04 11:08:10"],"user":["Jana Russ"],"umph":[1620119290.5464],"ok":[true],"chunk":[5],"ex":[1],"e.ind":[0],"code":["grViz('digraph G {\n\nx [label=\"Ausbildungsjahre x\"]\ny [label=\"Stundenlohn y\"]\nw [label=\"maennlich\"]\n\nx -> y [label=\"+\"];\nw -> x [label=\"+\"];\nw -> y [label=\"+\"];\n}')"],"message":[""]}
,
{"type":["check_chunk"],"time":["2021-05-04 11:08:10"],"user":["Jana Russ"],"umph":[1620119290.5653],"ok":[false],"chunk":[6],"ex":[1],"e.ind":[1],"code":["\n# enter your code here ...\n"],"message":["\nYou have not yet entered all correct commands in chunk 1_e_3."]}
,
{"type":["check_ps"],"time":["2021-05-04 11:11:09"],"user":["Jana Russ"],"umph":[1620119469.8728],"ok":[true]}
,
{"type":["check_chunk"],"time":["2021-05-04 11:11:09"],"user":["Jana Russ"],"umph":[1620119469.9007],"ok":[true],"chunk":[6],"ex":[1],"e.ind":[0],"code":["\n1\n"],"message":[""]}
,
{"type":["check_chunk"],"time":["2021-05-04 11:11:09"],"user":["Jana Russ"],"umph":[1620119469.9347],"ok":[true],"chunk":[7],"ex":[1],"e.ind":[0],"code":["reg2 <- lm(wage ~ educ + female, data=wage1)\nsummary(reg2)"],"message":[""]}
,
{"type":["check_chunk"],"time":["2021-05-04 11:11:10"],"user":["Jana Russ"],"umph":[1620119470.0936],"ok":[true],"chunk":[8],"ex":[1],"e.ind":[0],"code":["grViz('digraph G {\nx -> y [label=\"+\"];\nw -> y [label=\"+\"];\n}')"],"message":[""]}
,
{"type":["check_chunk"],"time":["2021-05-04 11:11:10"],"user":["Jana Russ"],"umph":[1620119470.1115],"ok":[false],"chunk":[9],"ex":[1],"e.ind":[1],"code":["\n# enter your code here ...\n"],"message":["\nYou have not yet entered all correct commands in chunk 1_g_2."]}
,
{"type":["check_ps"],"time":["2021-05-04 11:11:55"],"user":["Jana Russ"],"umph":[1620119515.91],"ok":[true]}
,
{"type":["check_chunk"],"time":["2021-05-04 11:11:55"],"user":["Jana Russ"],"umph":[1620119515.9359],"ok":[false],"chunk":[9],"ex":[1],"e.ind":[1],"code":["\n\"verzerrt\"\n"],"message":["\nYou have not yet entered all correct commands in chunk 1_g_2."]}
,
{"type":["check_ps"],"time":["2021-05-04 11:12:12"],"user":["Jana Russ"],"umph":[1620119532.352],"ok":[true]}
,
{"type":["check_chunk"],"time":["2021-05-04 11:12:12"],"user":["Jana Russ"],"umph":[1620119532.3769],"ok":[true],"chunk":[9],"ex":[1],"e.ind":[0],"code":["\n\"unverzerrt\"\n"],"message":[""]}
,
{"type":["check_chunk"],"time":["2021-05-04 11:12:12"],"user":["Jana Russ"],"umph":[1620119532.5851],"ok":[true],"chunk":[10],"ex":[1],"e.ind":[0],"code":["########################################\n# Beispiel 1: w hat nur Einfluss auf y\n########################################\nset.seed(123)\nn <- 10000\nbeta1 <- 2 # wahrer kausaler effekt\nw <- rnorm(n,0,1)\nx <- rnorm(n,0,1)\ny <- beta1*x + w + rnorm(n,0,1)\n\n# Regression mit w als Kontrollvariable\nreg1 <- lm(y~x+w)\n# Regression ohne w als Kontrollvariable\nreg2 <- lm(y~x)\n# Zeige Ergbenisse nebeneinander\nlibrary(stargazer)\nstargazer(reg1, reg2, type=\"text\", digits=3, keep.stat=c(\"n\"))"],"message":[""]}
,
{"type":["check_chunk"],"time":["2021-05-04 11:12:12"],"user":["Jana Russ"],"umph":[1620119532.7517],"ok":[true],"chunk":[11],"ex":[1],"e.ind":[0],"code":["########################################\n# Beispiel 2: w hat Einfluss auf y und x\n########################################\nset.seed(123)\nn <- 10000\nbeta1 <- 2 # wahrer kausaler effekt\nw <- rnorm(n,0,1)\nx <- rnorm(n,0,1) + w\ny <- beta1*x + w + rnorm(n,0,1)\n\n# Regression mit w als Kontrollvariable\nreg1 <- lm(y~x+w)\n# Regression ohne w als Kontrollvariable\nreg2 <- lm(y~x)\n# Zeige Ergbenisse nebeneinander\nstargazer(reg1, reg2, type=\"text\", digits=3, keep.stat=c(\"n\"))"],"message":[""]}
,
{"type":["check_chunk"],"time":["2021-05-04 11:12:12"],"user":["Jana Russ"],"umph":[1620119532.7657],"ok":[false],"chunk":[12],"ex":[1],"e.ind":[1],"code":["\n# enter your code here ...\n"],"message":["\nYou have not yet entered all correct commands in chunk 1_g_5."]}
,
{"type":["check_ps"],"time":["2021-05-04 11:12:34"],"user":["Jana Russ"],"umph":[1620119554.8439],"ok":[true]}
,
{"type":["check_chunk"],"time":["2021-05-04 11:12:34"],"user":["Jana Russ"],"umph":[1620119554.8739],"ok":[false],"chunk":[12],"ex":[1],"e.ind":[1],"code":["\n# enter your code here ...\n"],"message":["\nYou have not yet entered all correct commands in chunk 1_g_5."]}
,
{"type":["check_ps"],"time":["2021-05-04 11:13:09"],"user":["Jana Russ"],"umph":[1620119589.2778],"ok":[true]}
,
{"type":["check_chunk"],"time":["2021-05-04 11:13:09"],"user":["Jana Russ"],"umph":[1620119589.3048],"ok":[false],"chunk":[12],"ex":[1],"e.ind":[1],"code":["\n\"ja\"\n"],"message":["\nYou have not yet entered all correct commands in chunk 1_g_5."]}
,
{"type":["check_ps"],"time":["2021-05-04 11:13:19"],"user":["Jana Russ"],"umph":[1620119599.7749],"ok":[true]}
,
{"type":["check_chunk"],"time":["2021-05-04 11:13:19"],"user":["Jana Russ"],"umph":[1620119599.8028],"ok":[true],"chunk":[12],"ex":[1],"e.ind":[0],"code":["\n\"nein\"\n"],"message":[""]}
,
{"type":["check_chunk"],"time":["2021-05-04 11:13:19"],"user":["Jana Russ"],"umph":[1620119599.8307],"ok":[true],"chunk":[13],"ex":[1],"e.ind":[0],"code":["confint(lm(y~x))"],"message":[""]}
,
{"type":["check_chunk"],"time":["2021-05-04 11:13:19"],"user":["Jana Russ"],"umph":[1620119599.8637],"ok":[false],"chunk":[14],"ex":[1],"e.ind":[1],"code":["\n# enter your code here ...\n"],"message":["\nYou have not yet entered all correct commands in chunk 1_g_7."]}
,
{"type":["check_ps"],"time":["2021-05-04 11:14:33"],"user":["Jana Russ"],"umph":[1620119673.9808],"ok":[true]}
,
{"type":["check_chunk"],"time":["2021-05-04 11:14:34"],"user":["Jana Russ"],"umph":[1620119674.0377],"ok":[true],"chunk":[14],"ex":[1],"e.ind":[0],"code":["\nconfint(lm(y~x),level = 0.99)\n"],"message":[""]}
,
{"type":["check_chunk"],"time":["2021-05-04 11:14:34"],"user":["Jana Russ"],"umph":[1620119674.0596],"ok":[true],"chunk":[15],"ex":[1],"e.ind":[0],"code":["cor(wage1$exper,wage1$wage)"],"message":[""]}
,
{"type":["check_chunk"],"time":["2021-05-04 11:14:34"],"user":["Jana Russ"],"umph":[1620119674.0786],"ok":[true],"chunk":[16],"ex":[1],"e.ind":[0],"code":["cor(wage1$exper,wage1$educ)"],"message":[""]}
,
{"type":["check_chunk"],"time":["2021-05-04 11:14:34"],"user":["Jana Russ"],"umph":[1620119674.2419],"ok":[true],"chunk":[17],"ex":[1],"e.ind":[0],"code":["grViz('digraph G {\n\nx [label=\"Ausbildungsjahre x\"]\ny [label=\"Stundenlohn y\"]\nw [label=\"Arbeitserfahrung\"]\n\nx -> y [label=\"+\"];\nx -> w [label=\"-\"];\nw -> y [label=\"+\"];\n}')\n"],"message":[""]}
,
{"type":["check_chunk"],"time":["2021-05-04 11:14:34"],"user":["Jana Russ"],"umph":[1620119674.2619],"ok":[true],"chunk":[18],"ex":[1],"e.ind":[0],"code":["coef(lm(wage~educ, data=wage1))"],"message":[""]}
,
{"type":["check_chunk"],"time":["2021-05-04 11:14:34"],"user":["Jana Russ"],"umph":[1620119674.2968],"ok":[false],"chunk":[19],"ex":[1],"e.ind":[1],"code":["\n# enter your code here ...\n"],"message":["\nYou have not yet entered all correct commands in chunk 1_h_5."]}
,
{"type":["check_ps"],"time":["2021-05-04 11:15:11"],"user":["Jana Russ"],"umph":[1620119711.9731],"ok":[true]}
,
{"type":["check_chunk"],"time":["2021-05-04 11:15:11"],"user":["Jana Russ"],"umph":[1620119711.9991],"ok":[false],"chunk":[19],"ex":[1],"e.ind":[1],"code":["\n\"kleiner\"\n"],"message":["\nYou have not yet entered all correct commands in chunk 1_h_5."]}
,
{"type":["check_ps"],"time":["2021-05-04 11:15:26"],"user":["Jana Russ"],"umph":[1620119726.1245],"ok":[true]}
,
{"type":["check_chunk"],"time":["2021-05-04 11:15:26"],"user":["Jana Russ"],"umph":[1620119726.1613],"ok":[true],"chunk":[19],"ex":[1],"e.ind":[0],"code":["\n\"groesser\"\n"],"message":[""]}
,
{"type":["check_chunk"],"time":["2021-05-04 11:15:26"],"user":["Jana Russ"],"umph":[1620119726.1773],"ok":[true],"chunk":[20],"ex":[1],"e.ind":[0],"code":["coef(lm(wage~educ+exper, data=wage1))"],"message":[""]}
,
{"type":["check_chunk"],"time":["2021-05-04 11:15:26"],"user":["Jana Russ"],"umph":[1620119726.1982],"ok":[false],"chunk":[21],"ex":[1],"e.ind":[1],"code":["\n# enter your code here ...\n"],"message":["\nYou have not yet entered all correct commands in chunk 1_h_7."]}
,
{"type":["check_ps"],"time":["2021-05-04 11:27:51"],"user":["Jana Russ"],"umph":[1620120471.3931],"ok":[true]}
,
{"type":["check_chunk"],"time":["2021-05-04 11:27:51"],"user":["Jana Russ"],"umph":[1620120471.417],"ok":[false],"chunk":[21],"ex":[1],"e.ind":[1],"code":["\n0.64\n"],"message":["\nYou have not yet entered all correct commands in chunk 1_h_7."]}
,
{"type":["check_ps"],"time":["2021-05-04 11:28:00"],"user":["Jana Russ"],"umph":[1620120480.9684],"ok":[true]}
,
{"type":["check_chunk"],"time":["2021-05-04 11:28:00"],"user":["Jana Russ"],"umph":[1620120480.9944],"ok":[true],"chunk":[21],"ex":[1],"e.ind":[0],"code":["\n0.54\n"],"message":[""]}
,
{"type":["check_chunk"],"time":["2021-05-04 11:28:01"],"user":["Jana Russ"],"umph":[1620120481.0353],"ok":[false],"chunk":[22],"ex":[1],"e.ind":[3],"code":["reg1 <- lm(wage ~ educ, data = wage1)\nreg2 <- lm(wage ~ educ + female + nonwhite, data=wage1)\n\n# enter your code here ...\n"],"message":["\nYou have not yet made an assignment to reg3 in chunk 1_i."]}
,
{"type":["check_ps"],"time":["2021-05-04 11:50:28"],"user":["Jana Russ"],"umph":[1620121828.1427],"ok":[true]}
,
{"type":["check_chunk"],"time":["2021-05-04 11:50:28"],"user":["Jana Russ"],"umph":[1620121828.1796],"ok":[false],"chunk":[22],"ex":[1],"e.ind":[3],"code":["reg1 <- lm(wage ~ educ, data = wage1)\nreg2 <- lm(wage ~ educ + female + nonwhite, data=wage1)\n\nreg3 <- lm(wage ~ female + nonwhite + exper, data = wage1)\n"],"message":["\nYou have not made a correct assignment to reg3 in chunk 1_i."]}
,
{"type":["check_ps"],"time":["2021-05-04 11:51:06"],"user":["Jana Russ"],"umph":[1620121866.6541],"ok":[true]}
,
{"type":["check_chunk"],"time":["2021-05-04 11:51:06"],"user":["Jana Russ"],"umph":[1620121866.7059],"ok":[false],"chunk":[22],"ex":[1],"e.ind":[3],"code":["reg1 <- lm(wage ~ educ, data = wage1)\nreg2 <- lm(wage ~ educ + female + nonwhite, data=wage1)\n\nreg3 <- lm(wage ~ female + nonwhite + exper,data=wage1)\n"],"message":["\nYou have not made a correct assignment to reg3 in chunk 1_i."]}
,
{"type":["check_ps"],"time":["2021-05-04 11:52:12"],"user":["Jana Russ"],"umph":[1620121932.8209],"ok":[true]}
,
{"type":["check_chunk"],"time":["2021-05-04 11:52:12"],"user":["Jana Russ"],"umph":[1620121932.8628],"ok":[true],"chunk":[22],"ex":[1],"e.ind":[0],"code":["reg1 <- lm(wage ~ educ, data = wage1)\nreg2 <- lm(wage ~ educ + female + nonwhite, data=wage1)\n\nreg3 <- lm(wage ~ educ + female + nonwhite + exper,data=wage1)\n"],"message":[""]}
,
{"type":["check_chunk"],"time":["2021-05-04 11:52:13"],"user":["Jana Russ"],"umph":[1620121933.1301],"ok":[true],"chunk":[23],"ex":[1],"e.ind":[0],"code":["stargazer( reg1, reg2, reg3 ,type = \"text\",  digits=2, omit.stat = c(\"f\",\"ser\"))"],"message":[""]}
,
{"type":["check_chunk"],"time":["2021-05-04 11:52:13"],"user":["Jana Russ"],"umph":[1620121933.159],"ok":[false],"chunk":[25],"ex":[2],"e.ind":[1],"code":["\n# enter your code here ...\n"],"message":["\nYou have not yet made an assignment to n_train in chunk 2_a_2."]}
,
{"type":["hint"],"time":["2021-05-04 11:53:44"],"user":["Jana Russ"],"umph":[1620122024.5178],"ok":[true],"chunk":[25],"ex":[2],"e.ind":[1]}
,
{"type":["check_ps"],"time":["2021-05-04 11:58:09"],"user":["Jana Russ"],"umph":[1620122289.3612],"ok":[true]}
,
{"type":["check_chunk"],"time":["2021-05-04 11:58:09"],"user":["Jana Russ"],"umph":[1620122289.3892],"ok":[false],"chunk":[25],"ex":[2],"e.ind":[1],"code":["\nn_train <- jtrain3 %>% filter(train == \"1\") %>% count()\n\nn_train\n"],"message":["\nYou have not made a correct assignment to n_train in chunk 2_a_2."]}
,
{"type":["hint"],"time":["2021-05-04 11:58:20"],"user":["Jana Russ"],"umph":[1620122300.4596],"ok":[true],"chunk":[25],"ex":[2],"e.ind":[1]}
,
{"type":["check_ps"],"time":["2021-05-04 12:03:59"],"user":["Jana Russ"],"umph":[1620122639.1951],"ok":[true]}
,
{"type":["check_chunk"],"time":["2021-05-04 12:03:59"],"user":["Jana Russ"],"umph":[1620122639.2201],"ok":[false],"chunk":[25],"ex":[2],"e.ind":[1],"code":["\nn_train <- jtrain3 %>% filter(train == \"1\") %>% sum()\n\nn_train\n"],"message":["\nYou have not made a correct assignment to n_train in chunk 2_a_2."]}
,
{"type":["hint"],"time":["2021-05-04 12:04:07"],"user":["Jana Russ"],"umph":[1620122647.9847],"ok":[true],"chunk":[25],"ex":[2],"e.ind":[1]}
,
{"type":["check_ps"],"time":["2021-05-04 12:04:48"],"user":["Jana Russ"],"umph":[1620122688.2289],"ok":[true]}
,
{"type":["check_chunk"],"time":["2021-05-04 12:04:48"],"user":["Jana Russ"],"umph":[1620122688.2608],"ok":[false],"chunk":[25],"ex":[2],"e.ind":[1],"code":["\nn_train <- jtrain3 %>% filter(train == \"1\") %>% count()\n\nn_train\n"],"message":["\nYou have not made a correct assignment to n_train in chunk 2_a_2."]}
,
{"type":["init_ps"],"time":["2021-05-04 14:57:38"],"user":["Jana Russ"],"umph":[1620133058.239],"ok":[true]}
,
{"type":["check_chunk"],"time":["2021-05-04 14:57:39"],"user":["Jana Russ"],"umph":[1620133059.0614],"ok":[true],"chunk":[1],"ex":[1],"e.ind":[0],"code":["library(wooldridge)\nlibrary(skimr)\nlibrary(DiagrammeR)\nlibrary(stargazer)\ndata(wage1)\nhead(wage1)\nskim(wage1)"],"message":[""]}
,
{"type":["check_chunk"],"time":["2021-05-04 14:57:39"],"user":["Jana Russ"],"umph":[1620133059.0868],"ok":[true],"chunk":[2],"ex":[1],"e.ind":[0],"code":["\nreg1 <- lm(wage ~ educ, data = wage1)\nsummary(reg1)\n\n# enter your code here ...\n"],"message":[""]}
,
{"type":["check_chunk"],"time":["2021-05-04 14:57:39"],"user":["Jana Russ"],"umph":[1620133059.1067],"ok":[true],"chunk":[3],"ex":[1],"e.ind":[0],"code":["\n\"nein\"\n"],"message":[""]}
,
{"type":["check_chunk"],"time":["2021-05-04 14:57:39"],"user":["Jana Russ"],"umph":[1620133059.1725],"ok":[true],"chunk":[4],"ex":[1],"e.ind":[0],"code":["wage1 %>%\n mutate(gender = ifelse(female==1,\"female\",\"male\")) %>%\n group_by(gender) %>%\n summarize(mean(educ))\n\n# enter your code here ...\n"],"message":[""]}
,
{"type":["check_chunk"],"time":["2021-05-04 14:57:39"],"user":["Jana Russ"],"umph":[1620133059.3309],"ok":[true],"chunk":[5],"ex":[1],"e.ind":[0],"code":["grViz('digraph G {\n\nx [label=\"Ausbildungsjahre x\"]\ny [label=\"Stundenlohn y\"]\nw [label=\"maennlich\"]\n\nx -> y [label=\"+\"];\nw -> x [label=\"+\"];\nw -> y [label=\"+\"];\n}')"],"message":[""]}
,
{"type":["check_chunk"],"time":["2021-05-04 14:57:39"],"user":["Jana Russ"],"umph":[1620133059.3468],"ok":[true],"chunk":[6],"ex":[1],"e.ind":[0],"code":["\n1\n"],"message":[""]}
,
{"type":["check_chunk"],"time":["2021-05-04 14:57:39"],"user":["Jana Russ"],"umph":[1620133059.3718],"ok":[true],"chunk":[7],"ex":[1],"e.ind":[0],"code":["reg2 <- lm(wage ~ educ + female, data=wage1)\nsummary(reg2)"],"message":[""]}
,
{"type":["check_chunk"],"time":["2021-05-04 14:57:39"],"user":["Jana Russ"],"umph":[1620133059.5102],"ok":[true],"chunk":[8],"ex":[1],"e.ind":[0],"code":["grViz('digraph G {\nx -> y [label=\"+\"];\nw -> y [label=\"+\"];\n}')"],"message":[""]}
,
{"type":["check_chunk"],"time":["2021-05-04 14:57:39"],"user":["Jana Russ"],"umph":[1620133059.5231],"ok":[true],"chunk":[9],"ex":[1],"e.ind":[0],"code":["\n\"unverzerrt\"\n"],"message":[""]}
,
{"type":["check_chunk"],"time":["2021-05-04 14:57:39"],"user":["Jana Russ"],"umph":[1620133059.7336],"ok":[true],"chunk":[10],"ex":[1],"e.ind":[0],"code":["########################################\n# Beispiel 1: w hat nur Einfluss auf y\n########################################\nset.seed(123)\nn <- 10000\nbeta1 <- 2 # wahrer kausaler effekt\nw <- rnorm(n,0,1)\nx <- rnorm(n,0,1)\ny <- beta1*x + w + rnorm(n,0,1)\n\n# Regression mit w als Kontrollvariable\nreg1 <- lm(y~x+w)\n# Regression ohne w als Kontrollvariable\nreg2 <- lm(y~x)\n# Zeige Ergbenisse nebeneinander\nlibrary(stargazer)\nstargazer(reg1, reg2, type=\"text\", digits=3, keep.stat=c(\"n\"))"],"message":[""]}
,
{"type":["check_chunk"],"time":["2021-05-04 14:57:39"],"user":["Jana Russ"],"umph":[1620133059.9141],"ok":[true],"chunk":[11],"ex":[1],"e.ind":[0],"code":["########################################\n# Beispiel 2: w hat Einfluss auf y und x\n########################################\nset.seed(123)\nn <- 10000\nbeta1 <- 2 # wahrer kausaler effekt\nw <- rnorm(n,0,1)\nx <- rnorm(n,0,1) + w\ny <- beta1*x + w + rnorm(n,0,1)\n\n# Regression mit w als Kontrollvariable\nreg1 <- lm(y~x+w)\n# Regression ohne w als Kontrollvariable\nreg2 <- lm(y~x)\n# Zeige Ergbenisse nebeneinander\nstargazer(reg1, reg2, type=\"text\", digits=3, keep.stat=c(\"n\"))"],"message":[""]}
,
{"type":["check_chunk"],"time":["2021-05-04 14:57:39"],"user":["Jana Russ"],"umph":[1620133059.927],"ok":[true],"chunk":[12],"ex":[1],"e.ind":[0],"code":["\n\"nein\"\n"],"message":[""]}
,
{"type":["check_chunk"],"time":["2021-05-04 14:57:39"],"user":["Jana Russ"],"umph":[1620133059.941],"ok":[true],"chunk":[13],"ex":[1],"e.ind":[0],"code":["confint(lm(y~x))"],"message":[""]}
,
{"type":["check_chunk"],"time":["2021-05-04 14:57:39"],"user":["Jana Russ"],"umph":[1620133059.9699],"ok":[true],"chunk":[14],"ex":[1],"e.ind":[0],"code":["\nconfint(lm(y~x),level = 0.99)\n"],"message":[""]}
,
{"type":["check_chunk"],"time":["2021-05-04 14:57:39"],"user":["Jana Russ"],"umph":[1620133059.9839],"ok":[true],"chunk":[15],"ex":[1],"e.ind":[0],"code":["cor(wage1$exper,wage1$wage)"],"message":[""]}
,
{"type":["check_chunk"],"time":["2021-05-04 14:57:39"],"user":["Jana Russ"],"umph":[1620133059.9979],"ok":[true],"chunk":[16],"ex":[1],"e.ind":[0],"code":["cor(wage1$exper,wage1$educ)"],"message":[""]}
,
{"type":["check_chunk"],"time":["2021-05-04 14:57:40"],"user":["Jana Russ"],"umph":[1620133060.1455],"ok":[true],"chunk":[17],"ex":[1],"e.ind":[0],"code":["grViz('digraph G {\n\nx [label=\"Ausbildungsjahre x\"]\ny [label=\"Stundenlohn y\"]\nw [label=\"Arbeitserfahrung\"]\n\nx -> y [label=\"+\"];\nx -> w [label=\"-\"];\nw -> y [label=\"+\"];\n}')\n"],"message":[""]}
,
{"type":["check_chunk"],"time":["2021-05-04 14:57:40"],"user":["Jana Russ"],"umph":[1620133060.1594],"ok":[true],"chunk":[18],"ex":[1],"e.ind":[0],"code":["coef(lm(wage~educ, data=wage1))"],"message":[""]}
,
{"type":["check_chunk"],"time":["2021-05-04 14:57:40"],"user":["Jana Russ"],"umph":[1620133060.1764],"ok":[true],"chunk":[19],"ex":[1],"e.ind":[0],"code":["\n\"groesser\"\n"],"message":[""]}
,
{"type":["check_chunk"],"time":["2021-05-04 14:57:40"],"user":["Jana Russ"],"umph":[1620133060.1963],"ok":[true],"chunk":[20],"ex":[1],"e.ind":[0],"code":["coef(lm(wage~educ+exper, data=wage1))"],"message":[""]}
,
{"type":["check_chunk"],"time":["2021-05-04 14:57:40"],"user":["Jana Russ"],"umph":[1620133060.2203],"ok":[true],"chunk":[21],"ex":[1],"e.ind":[0],"code":["\n0.54\n"],"message":[""]}
,
{"type":["check_chunk"],"time":["2021-05-04 14:57:40"],"user":["Jana Russ"],"umph":[1620133060.2801],"ok":[true],"chunk":[22],"ex":[1],"e.ind":[0],"code":["reg1 <- lm(wage ~ educ, data = wage1)\nreg2 <- lm(wage ~ educ + female + nonwhite, data=wage1)\n\nreg3 <- lm(wage ~ educ + female + nonwhite + exper,data=wage1)\n"],"message":[""]}
,
{"type":["check_chunk"],"time":["2021-05-04 14:57:40"],"user":["Jana Russ"],"umph":[1620133060.5643],"ok":[true],"chunk":[23],"ex":[1],"e.ind":[0],"code":["stargazer( reg1, reg2, reg3 ,type = \"text\",  digits=2, omit.stat = c(\"f\",\"ser\"))"],"message":[""]}
,
{"type":["check_chunk"],"time":["2021-05-04 14:57:40"],"user":["Jana Russ"],"umph":[1620133060.6321],"ok":[false],"chunk":[25],"ex":[2],"e.ind":[1],"code":["\nn_train <- jtrain3 %>% filter(train == \"1\") %>% count()\n\nn_train\n"],"message":["\nYou have not made a correct assignment to n_train in chunk 2_a_2."]}
,
{"type":["check_ps"],"time":["2021-05-04 14:58:36"],"user":["Jana Russ"],"umph":[1620133116.0837],"ok":[true]}
,
{"type":["check_chunk"],"time":["2021-05-04 14:58:36"],"user":["Jana Russ"],"umph":[1620133116.1147],"ok":[true],"chunk":[25],"ex":[2],"e.ind":[0],"code":["\nn_train <- sum(jtrain2$train)\n\nn_train\n"],"message":[""]}
,
{"type":["check_chunk"],"time":["2021-05-04 14:58:36"],"user":["Jana Russ"],"umph":[1620133116.1366],"ok":[false],"chunk":[26],"ex":[2],"e.ind":[1],"code":["\n1\n"],"message":["\nYou have not yet entered all correct commands in chunk 2_a_3."]}
,
{"type":["check_ps"],"time":["2021-05-04 14:58:44"],"user":["Jana Russ"],"umph":[1620133124.4386],"ok":[true]}
,
{"type":["check_chunk"],"time":["2021-05-04 14:58:44"],"user":["Jana Russ"],"umph":[1620133124.4625],"ok":[false],"chunk":[26],"ex":[2],"e.ind":[1],"code":["\n1\n"],"message":["\nYou have not yet entered all correct commands in chunk 2_a_3."]}
,
{"type":["check_ps"],"time":["2021-05-04 14:59:08"],"user":["Jana Russ"],"umph":[1620133148.9353],"ok":[true]}
,
{"type":["check_chunk"],"time":["2021-05-04 14:59:08"],"user":["Jana Russ"],"umph":[1620133148.9582],"ok":[true],"chunk":[26],"ex":[2],"e.ind":[0],"code":["\n2\n"],"message":[""]}
,
{"type":["check_chunk"],"time":["2021-05-04 14:59:08"],"user":["Jana Russ"],"umph":[1620133148.9822],"ok":[false],"chunk":[27],"ex":[2],"e.ind":[1],"code":["\n# enter your code here ...\n\n\n# enter your code here ...\n"],"message":["\nYou have not yet made an assignment to reg1 in chunk 2_b."]}
,
{"type":["init_ps"],"time":["2021-05-05 18:44:34"],"user":["Jana Russ"],"umph":[1620233074.1541],"ok":[true]}
,
{"type":["check_chunk"],"time":["2021-05-05 18:44:35"],"user":["Jana Russ"],"umph":[1620233075.4118],"ok":[true],"chunk":[1],"ex":[1],"e.ind":[0],"code":["library(wooldridge)\nlibrary(skimr)\nlibrary(DiagrammeR)\nlibrary(stargazer)\ndata(wage1)\nhead(wage1)\nskim(wage1)"],"message":[""]}
,
{"type":["check_chunk"],"time":["2021-05-05 18:44:35"],"user":["Jana Russ"],"umph":[1620233075.4592],"ok":[true],"chunk":[2],"ex":[1],"e.ind":[0],"code":["\nreg1 <- lm(wage ~ educ, data = wage1)\nsummary(reg1)\n\n# enter your code here ...\n"],"message":[""]}
,
{"type":["check_chunk"],"time":["2021-05-05 18:44:35"],"user":["Jana Russ"],"umph":[1620233075.4892],"ok":[true],"chunk":[3],"ex":[1],"e.ind":[0],"code":["\n\"nein\"\n"],"message":[""]}
,
{"type":["check_chunk"],"time":["2021-05-05 18:44:35"],"user":["Jana Russ"],"umph":[1620233075.6041],"ok":[true],"chunk":[4],"ex":[1],"e.ind":[0],"code":["wage1 %>%\n mutate(gender = ifelse(female==1,\"female\",\"male\")) %>%\n group_by(gender) %>%\n summarize(mean(educ))\n\n# enter your code here ...\n"],"message":[""]}
,
{"type":["check_chunk"],"time":["2021-05-05 18:44:35"],"user":["Jana Russ"],"umph":[1620233075.8997],"ok":[true],"chunk":[5],"ex":[1],"e.ind":[0],"code":["grViz('digraph G {\n\nx [label=\"Ausbildungsjahre x\"]\ny [label=\"Stundenlohn y\"]\nw [label=\"maennlich\"]\n\nx -> y [label=\"+\"];\nw -> x [label=\"+\"];\nw -> y [label=\"+\"];\n}')"],"message":[""]}
,
{"type":["check_chunk"],"time":["2021-05-05 18:44:35"],"user":["Jana Russ"],"umph":[1620233075.9349],"ok":[true],"chunk":[6],"ex":[1],"e.ind":[0],"code":["\n1\n"],"message":[""]}
,
{"type":["check_chunk"],"time":["2021-05-05 18:44:36"],"user":["Jana Russ"],"umph":[1620233076.0088],"ok":[true],"chunk":[7],"ex":[1],"e.ind":[0],"code":["reg2 <- lm(wage ~ educ + female, data=wage1)\nsummary(reg2)"],"message":[""]}
,
{"type":["check_chunk"],"time":["2021-05-05 18:44:36"],"user":["Jana Russ"],"umph":[1620233076.3528],"ok":[true],"chunk":[8],"ex":[1],"e.ind":[0],"code":["grViz('digraph G {\nx -> y [label=\"+\"];\nw -> y [label=\"+\"];\n}')"],"message":[""]}
,
{"type":["check_chunk"],"time":["2021-05-05 18:44:36"],"user":["Jana Russ"],"umph":[1620233076.3731],"ok":[true],"chunk":[9],"ex":[1],"e.ind":[0],"code":["\n\"unverzerrt\"\n"],"message":[""]}
,
{"type":["check_chunk"],"time":["2021-05-05 18:44:36"],"user":["Jana Russ"],"umph":[1620233076.6774],"ok":[true],"chunk":[10],"ex":[1],"e.ind":[0],"code":["########################################\n# Beispiel 1: w hat nur Einfluss auf y\n########################################\nset.seed(123)\nn <- 10000\nbeta1 <- 2 # wahrer kausaler effekt\nw <- rnorm(n,0,1)\nx <- rnorm(n,0,1)\ny <- beta1*x + w + rnorm(n,0,1)\n\n# Regression mit w als Kontrollvariable\nreg1 <- lm(y~x+w)\n# Regression ohne w als Kontrollvariable\nreg2 <- lm(y~x)\n# Zeige Ergbenisse nebeneinander\nlibrary(stargazer)\nstargazer(reg1, reg2, type=\"text\", digits=3, keep.stat=c(\"n\"))"],"message":[""]}
,
{"type":["check_chunk"],"time":["2021-05-05 18:44:36"],"user":["Jana Russ"],"umph":[1620233076.9732],"ok":[true],"chunk":[11],"ex":[1],"e.ind":[0],"code":["########################################\n# Beispiel 2: w hat Einfluss auf y und x\n########################################\nset.seed(123)\nn <- 10000\nbeta1 <- 2 # wahrer kausaler effekt\nw <- rnorm(n,0,1)\nx <- rnorm(n,0,1) + w\ny <- beta1*x + w + rnorm(n,0,1)\n\n# Regression mit w als Kontrollvariable\nreg1 <- lm(y~x+w)\n# Regression ohne w als Kontrollvariable\nreg2 <- lm(y~x)\n# Zeige Ergbenisse nebeneinander\nstargazer(reg1, reg2, type=\"text\", digits=3, keep.stat=c(\"n\"))"],"message":[""]}
,
{"type":["check_chunk"],"time":["2021-05-05 18:44:36"],"user":["Jana Russ"],"umph":[1620233076.9949],"ok":[true],"chunk":[12],"ex":[1],"e.ind":[0],"code":["\n\"nein\"\n"],"message":[""]}
,
{"type":["check_chunk"],"time":["2021-05-05 18:44:37"],"user":["Jana Russ"],"umph":[1620233077.0176],"ok":[true],"chunk":[13],"ex":[1],"e.ind":[0],"code":["confint(lm(y~x))"],"message":[""]}
,
{"type":["check_chunk"],"time":["2021-05-05 18:44:37"],"user":["Jana Russ"],"umph":[1620233077.0555],"ok":[true],"chunk":[14],"ex":[1],"e.ind":[0],"code":["\nconfint(lm(y~x),level = 0.99)\n"],"message":[""]}
,
{"type":["check_chunk"],"time":["2021-05-05 18:44:37"],"user":["Jana Russ"],"umph":[1620233077.0724],"ok":[true],"chunk":[15],"ex":[1],"e.ind":[0],"code":["cor(wage1$exper,wage1$wage)"],"message":[""]}
,
{"type":["check_chunk"],"time":["2021-05-05 18:44:37"],"user":["Jana Russ"],"umph":[1620233077.0888],"ok":[true],"chunk":[16],"ex":[1],"e.ind":[0],"code":["cor(wage1$exper,wage1$educ)"],"message":[""]}
,
{"type":["check_chunk"],"time":["2021-05-05 18:44:37"],"user":["Jana Russ"],"umph":[1620233077.3226],"ok":[true],"chunk":[17],"ex":[1],"e.ind":[0],"code":["grViz('digraph G {\n\nx [label=\"Ausbildungsjahre x\"]\ny [label=\"Stundenlohn y\"]\nw [label=\"Arbeitserfahrung\"]\n\nx -> y [label=\"+\"];\nx -> w [label=\"-\"];\nw -> y [label=\"+\"];\n}')\n"],"message":[""]}
,
{"type":["check_chunk"],"time":["2021-05-05 18:44:37"],"user":["Jana Russ"],"umph":[1620233077.3528],"ok":[true],"chunk":[18],"ex":[1],"e.ind":[0],"code":["coef(lm(wage~educ, data=wage1))"],"message":[""]}
,
{"type":["check_chunk"],"time":["2021-05-05 18:44:37"],"user":["Jana Russ"],"umph":[1620233077.4045],"ok":[true],"chunk":[19],"ex":[1],"e.ind":[0],"code":["\n\"groesser\"\n"],"message":[""]}
,
{"type":["check_chunk"],"time":["2021-05-05 18:44:37"],"user":["Jana Russ"],"umph":[1620233077.4345],"ok":[true],"chunk":[20],"ex":[1],"e.ind":[0],"code":["coef(lm(wage~educ+exper, data=wage1))"],"message":[""]}
,
{"type":["check_chunk"],"time":["2021-05-05 18:44:37"],"user":["Jana Russ"],"umph":[1620233077.4762],"ok":[true],"chunk":[21],"ex":[1],"e.ind":[0],"code":["\n0.54\n"],"message":[""]}
,
{"type":["check_chunk"],"time":["2021-05-05 18:44:37"],"user":["Jana Russ"],"umph":[1620233077.5571],"ok":[true],"chunk":[22],"ex":[1],"e.ind":[0],"code":["reg1 <- lm(wage ~ educ, data = wage1)\nreg2 <- lm(wage ~ educ + female + nonwhite, data=wage1)\n\nreg3 <- lm(wage ~ educ + female + nonwhite + exper,data=wage1)\n"],"message":[""]}
,
{"type":["check_chunk"],"time":["2021-05-05 18:44:38"],"user":["Jana Russ"],"umph":[1620233078.0915],"ok":[true],"chunk":[23],"ex":[1],"e.ind":[0],"code":["stargazer( reg1, reg2, reg3 ,type = \"text\",  digits=2, omit.stat = c(\"f\",\"ser\"))"],"message":[""]}
,
{"type":["check_chunk"],"time":["2021-05-05 18:44:38"],"user":["Jana Russ"],"umph":[1620233078.1231],"ok":[true],"chunk":[25],"ex":[2],"e.ind":[0],"code":["\nn_train <- sum(jtrain2$train)\n\nn_train\n"],"message":[""]}
,
{"type":["check_chunk"],"time":["2021-05-05 18:44:38"],"user":["Jana Russ"],"umph":[1620233078.1435],"ok":[true],"chunk":[26],"ex":[2],"e.ind":[0],"code":["\n2\n"],"message":[""]}
,
{"type":["check_chunk"],"time":["2021-05-05 18:44:38"],"user":["Jana Russ"],"umph":[1620233078.1671],"ok":[false],"chunk":[27],"ex":[2],"e.ind":[1],"code":["\n# enter your code here ...\n\n\n# enter your code here ...\n"],"message":["\nYou have not yet made an assignment to reg1 in chunk 2_b."]}
,
{"type":["check_ps"],"time":["2021-05-05 18:45:55"],"user":["Jana Russ"],"umph":[1620233155.5916],"ok":[true]}
,
{"type":["check_chunk"],"time":["2021-05-05 18:45:55"],"user":["Jana Russ"],"umph":[1620233155.6459],"ok":[false],"chunk":[27],"ex":[2],"e.ind":[2],"code":["\nreg1 <- lm(unem78 ~ train, data = jtrain3)\n"],"message":["\nYou have not yet entered all correct commands in chunk 2_b."]}
,
{"type":["check_ps"],"time":["2021-05-05 18:46:09"],"user":["Jana Russ"],"umph":[1620233169.3568],"ok":[true]}
,
{"type":["check_chunk"],"time":["2021-05-05 18:46:09"],"user":["Jana Russ"],"umph":[1620233169.4379],"ok":[true],"chunk":[27],"ex":[2],"e.ind":[0],"code":["\nreg1 <- lm(unem78 ~ train, data = jtrain3)\nsummary(reg1)\n"],"message":[""]}
,
{"type":["check_chunk"],"time":["2021-05-05 18:46:09"],"user":["Jana Russ"],"umph":[1620233169.4579],"ok":[false],"chunk":[28],"ex":[2],"e.ind":[0],"code":[".PH_._ %>% \n group_by(.PH_._) %>%\n summarize(mean(train), mean(.PH_._))\n\n# enter your code here ...\n"],"message":["evaluation error in \n  ___ %>% group_by(___) %>% summarize(mean(train), mean(___))\n  Error:  Objekt '___' nicht gefunden\n"]}
,
{"type":["hint"],"time":["2021-05-05 18:47:46"],"user":["Jana Russ"],"umph":[1620233266.161],"ok":[true],"chunk":[28],"ex":[2],"e.ind":[0]}
,
{"type":["check_ps"],"time":["2021-05-05 18:48:51"],"user":["Jana Russ"],"umph":[1620233331.4282],"ok":[true]}
,
{"type":["check_chunk"],"time":["2021-05-05 18:48:51"],"user":["Jana Russ"],"umph":[1620233331.5127],"ok":[true],"chunk":[28],"ex":[2],"e.ind":[0],"code":["jtrain3 %>% \n group_by(unem75) %>%\n summarize(mean(train), mean(unem78))\n\n# enter your code here ...\n"],"message":[""]}
,
{"type":["check_chunk"],"time":["2021-05-05 18:48:51"],"user":["Jana Russ"],"umph":[1620233331.8014],"ok":[true],"chunk":[29],"ex":[2],"e.ind":[0],"code":["library(DiagrammeR)\ngrViz('digraph G {\n\nx [label=\"Weiterbildung in 1977\"]\ny [label=\"Arbeitslos in 1978\"]\nw [label=\"Arbeitslos in 1975\"]\n\nx -> y [label=\"?\"]\nw -> x [label=\"+\"]\nw -> y [label=\"+\"]\n}')"],"message":[""]}
,
{"type":["check_chunk"],"time":["2021-05-05 18:48:51"],"user":["Jana Russ"],"umph":[1620233331.8534],"ok":[false],"chunk":[30],"ex":[2],"e.ind":[1],"code":["\n# enter your code here ...\n"],"message":["\nYou have not yet entered all correct commands in chunk 2_d_2."]}
,
{"type":["check_ps"],"time":["2021-05-05 18:49:22"],"user":["Jana Russ"],"umph":[1620233362.4635],"ok":[true]}
,
{"type":["check_chunk"],"time":["2021-05-05 18:49:22"],"user":["Jana Russ"],"umph":[1620233362.5092],"ok":[true],"chunk":[30],"ex":[2],"e.ind":[0],"code":["\n\"kleiner\"\n"],"message":[""]}
,
{"type":["check_chunk"],"time":["2021-05-05 18:49:22"],"user":["Jana Russ"],"umph":[1620233362.5418],"ok":[false],"chunk":[31],"ex":[2],"e.ind":[1],"code":["\n# enter your code here ...\n"],"message":["\nYou have not yet made an assignment to reg2 in chunk 2_d_3."]}
,
{"type":["check_ps"],"time":["2021-05-05 18:50:46"],"user":["Jana Russ"],"umph":[1620233446.6576],"ok":[true]}
,
{"type":["check_chunk"],"time":["2021-05-05 18:50:46"],"user":["Jana Russ"],"umph":[1620233446.7821],"ok":[true],"chunk":[31],"ex":[2],"e.ind":[0],"code":["reg2 <- lm(unem78~ train + unem75, data = jtrain3)\nstargazer(reg2)\n"],"message":[""]}
,
{"type":["check_chunk"],"time":["2021-05-05 18:50:46"],"user":["Jana Russ"],"umph":[1620233446.8157],"ok":[false],"chunk":[32],"ex":[2],"e.ind":[1],"code":["\n# enter your code here ...\n"],"message":["\nYou have not yet made an assignment to jtrain3_la in chunk 2_e."]}
,
{"type":["check_ps"],"time":["2021-05-05 18:51:54"],"user":["Jana Russ"],"umph":[1620233514.6052],"ok":[true]}
,
{"type":["hint"],"time":["2021-05-05 18:51:59"],"user":["Jana Russ"],"umph":[1620233519.4404],"ok":[true],"chunk":[32],"ex":[2],"e.ind":[0]}
,
{"type":["check_ps"],"time":["2021-05-05 18:53:44"],"user":["Jana Russ"],"umph":[1620233624.3297],"ok":[true]}
,
{"type":["check_chunk"],"time":["2021-05-05 18:53:44"],"user":["Jana Russ"],"umph":[1620233624.4059],"ok":[false],"chunk":[32],"ex":[2],"e.ind":[1],"code":["\njtrain3_la <- filter(jtrain3, unem75)\njtrain3_ka <- filter()\n"],"message":["\nYou have not made a correct assignment to jtrain3_la in chunk 2_e."]}
,
{"type":["hint"],"time":["2021-05-05 18:53:51"],"user":["Jana Russ"],"umph":[1620233631.0511],"ok":[true],"chunk":[32],"ex":[2],"e.ind":[1]}
,
{"type":["hint"],"time":["2021-05-05 18:54:12"],"user":["Jana Russ"],"umph":[1620233652.0535],"ok":[true],"chunk":[32],"ex":[2],"e.ind":[1]}
,
{"type":["check_ps"],"time":["2021-05-05 18:54:47"],"user":["Jana Russ"],"umph":[1620233687.7528],"ok":[true]}
,
{"type":["check_chunk"],"time":["2021-05-05 18:54:47"],"user":["Jana Russ"],"umph":[1620233687.8354],"ok":[true],"chunk":[32],"ex":[2],"e.ind":[0],"code":["\njtrain3_la <- filter(jtrain3, unem75 == 1)\njtrain3_ka <- filter(jtrain3, unem75 != 1)\n"],"message":[""]}
,
{"type":["check_chunk"],"time":["2021-05-05 18:54:47"],"user":["Jana Russ"],"umph":[1620233687.8826],"ok":[false],"chunk":[33],"ex":[2],"e.ind":[1],"code":["\n# enter your code here ...\n\nstargazer(reg1, reg2, reg_la, reg_ka,type=\"text\",keep.stat=c(\"n\"), column.labels = c(\"alle\",\"alle\", \"Lang Alo\",\"Kurz Alo\") )"],"message":["\nYou have not yet made an assignment to reg_la in chunk 2_e_2."]}
,
{"type":["check_ps"],"time":["2021-05-05 18:56:35"],"user":["Jana Russ"],"umph":[1620233795.5261],"ok":[true]}
,
{"type":["check_chunk"],"time":["2021-05-05 18:56:36"],"user":["Jana Russ"],"umph":[1620233796.0486],"ok":[true],"chunk":[33],"ex":[2],"e.ind":[0],"code":["\nreg_la <- lm(unem78 ~ train, data = jtrain3_la)\nreg_ka <- lm(unem78 ~ train, data = jtrain3_ka)\n\nstargazer(reg1, reg2, reg_la, reg_ka,type=\"text\",keep.stat=c(\"n\"), column.labels = c(\"alle\",\"alle\", \"Lang Alo\",\"Kurz Alo\") )"],"message":[""]}
,
{"type":["check_chunk"],"time":["2021-05-05 18:56:36"],"user":["Jana Russ"],"umph":[1620233796.4211],"ok":[true],"chunk":[34],"ex":[2],"e.ind":[0],"code":["reg3 <- lm(unem78 ~ train + unem75 + train:unem75 , data=jtrain3)\nstargazer(reg_la, reg_ka, reg3, type=\"text\",keep.stat=c(\"n\"), column.labels = c(\"Lang Alo\",\"Kurz Alo\", \"alle\") )"],"message":[""]}
,
{"type":["check_chunk"],"time":["2021-05-05 18:56:36"],"user":["Jana Russ"],"umph":[1620233796.4473],"ok":[false],"chunk":[35],"ex":[2],"e.ind":[1],"code":["\n# enter your code here ...\n"],"message":["\nYou have not yet entered all correct commands in chunk 2_f_2."]}
,
{"type":["check_ps"],"time":["2021-05-05 18:57:12"],"user":["Jana Russ"],"umph":[1620233832.166],"ok":[true]}
,
{"type":["check_chunk"],"time":["2021-05-05 18:57:12"],"user":["Jana Russ"],"umph":[1620233832.2017],"ok":[true],"chunk":[35],"ex":[2],"e.ind":[0],"code":["\n\"nein\"\n"],"message":[""]}
,
{"type":["init_ps"],"time":["2021-05-05 18:58:02"],"user":["Jana Russ"],"umph":[1620233882.6393],"ok":[true]}
,
{"type":["check_chunk"],"time":["2021-05-05 18:58:03"],"user":["Jana Russ"],"umph":[1620233883.7558],"ok":[true],"chunk":[1],"ex":[1],"e.ind":[0],"code":["library(wooldridge)\nlibrary(skimr)\nlibrary(DiagrammeR)\nlibrary(stargazer)\ndata(wage1)\nhead(wage1)\nskim(wage1)"],"message":[""]}
,
{"type":["check_chunk"],"time":["2021-05-05 18:58:03"],"user":["Jana Russ"],"umph":[1620233883.8016],"ok":[true],"chunk":[2],"ex":[1],"e.ind":[0],"code":["\nreg1 <- lm(wage ~ educ, data = wage1)\nsummary(reg1)\n\n# enter your code here ...\n"],"message":[""]}
,
{"type":["check_chunk"],"time":["2021-05-05 18:58:03"],"user":["Jana Russ"],"umph":[1620233883.8355],"ok":[true],"chunk":[3],"ex":[1],"e.ind":[0],"code":["\n\"nein\"\n"],"message":[""]}
,
{"type":["check_chunk"],"time":["2021-05-05 18:58:03"],"user":["Jana Russ"],"umph":[1620233883.9444],"ok":[true],"chunk":[4],"ex":[1],"e.ind":[0],"code":["wage1 %>%\n mutate(gender = ifelse(female==1,\"female\",\"male\")) %>%\n group_by(gender) %>%\n summarize(mean(educ))\n\n# enter your code here ...\n"],"message":[""]}
,
{"type":["check_chunk"],"time":["2021-05-05 18:58:04"],"user":["Jana Russ"],"umph":[1620233884.2653],"ok":[true],"chunk":[5],"ex":[1],"e.ind":[0],"code":["grViz('digraph G {\n\nx [label=\"Ausbildungsjahre x\"]\ny [label=\"Stundenlohn y\"]\nw [label=\"maennlich\"]\n\nx -> y [label=\"+\"];\nw -> x [label=\"+\"];\nw -> y [label=\"+\"];\n}')"],"message":[""]}
,
{"type":["check_chunk"],"time":["2021-05-05 18:58:04"],"user":["Jana Russ"],"umph":[1620233884.3201],"ok":[true],"chunk":[6],"ex":[1],"e.ind":[0],"code":["\n1\n"],"message":[""]}
,
{"type":["check_chunk"],"time":["2021-05-05 18:58:04"],"user":["Jana Russ"],"umph":[1620233884.3774],"ok":[true],"chunk":[7],"ex":[1],"e.ind":[0],"code":["reg2 <- lm(wage ~ educ + female, data=wage1)\nsummary(reg2)"],"message":[""]}
,
{"type":["check_chunk"],"time":["2021-05-05 18:58:04"],"user":["Jana Russ"],"umph":[1620233884.5838],"ok":[true],"chunk":[8],"ex":[1],"e.ind":[0],"code":["grViz('digraph G {\nx -> y [label=\"+\"];\nw -> y [label=\"+\"];\n}')"],"message":[""]}
,
{"type":["check_chunk"],"time":["2021-05-05 18:58:04"],"user":["Jana Russ"],"umph":[1620233884.6057],"ok":[true],"chunk":[9],"ex":[1],"e.ind":[0],"code":["\n\"unverzerrt\"\n"],"message":[""]}
,
{"type":["check_chunk"],"time":["2021-05-05 18:58:05"],"user":["Jana Russ"],"umph":[1620233885.1784],"ok":[true],"chunk":[10],"ex":[1],"e.ind":[0],"code":["########################################\n# Beispiel 1: w hat nur Einfluss auf y\n########################################\nset.seed(123)\nn <- 10000\nbeta1 <- 2 # wahrer kausaler effekt\nw <- rnorm(n,0,1)\nx <- rnorm(n,0,1)\ny <- beta1*x + w + rnorm(n,0,1)\n\n# Regression mit w als Kontrollvariable\nreg1 <- lm(y~x+w)\n# Regression ohne w als Kontrollvariable\nreg2 <- lm(y~x)\n# Zeige Ergbenisse nebeneinander\nlibrary(stargazer)\nstargazer(reg1, reg2, type=\"text\", digits=3, keep.stat=c(\"n\"))"],"message":[""]}
,
{"type":["check_chunk"],"time":["2021-05-05 18:58:05"],"user":["Jana Russ"],"umph":[1620233885.5426],"ok":[true],"chunk":[11],"ex":[1],"e.ind":[0],"code":["########################################\n# Beispiel 2: w hat Einfluss auf y und x\n########################################\nset.seed(123)\nn <- 10000\nbeta1 <- 2 # wahrer kausaler effekt\nw <- rnorm(n,0,1)\nx <- rnorm(n,0,1) + w\ny <- beta1*x + w + rnorm(n,0,1)\n\n# Regression mit w als Kontrollvariable\nreg1 <- lm(y~x+w)\n# Regression ohne w als Kontrollvariable\nreg2 <- lm(y~x)\n# Zeige Ergbenisse nebeneinander\nstargazer(reg1, reg2, type=\"text\", digits=3, keep.stat=c(\"n\"))"],"message":[""]}
,
{"type":["check_chunk"],"time":["2021-05-05 18:58:05"],"user":["Jana Russ"],"umph":[1620233885.5706],"ok":[true],"chunk":[12],"ex":[1],"e.ind":[0],"code":["\n\"nein\"\n"],"message":[""]}
,
{"type":["check_chunk"],"time":["2021-05-05 18:58:05"],"user":["Jana Russ"],"umph":[1620233885.6206],"ok":[true],"chunk":[13],"ex":[1],"e.ind":[0],"code":["confint(lm(y~x))"],"message":[""]}
,
{"type":["check_chunk"],"time":["2021-05-05 18:58:05"],"user":["Jana Russ"],"umph":[1620233885.7032],"ok":[true],"chunk":[14],"ex":[1],"e.ind":[0],"code":["\nconfint(lm(y~x),level = 0.99)\n"],"message":[""]}
,
{"type":["check_chunk"],"time":["2021-05-05 18:58:05"],"user":["Jana Russ"],"umph":[1620233885.7354],"ok":[true],"chunk":[15],"ex":[1],"e.ind":[0],"code":["cor(wage1$exper,wage1$wage)"],"message":[""]}
,
{"type":["check_chunk"],"time":["2021-05-05 18:58:05"],"user":["Jana Russ"],"umph":[1620233885.7637],"ok":[true],"chunk":[16],"ex":[1],"e.ind":[0],"code":["cor(wage1$exper,wage1$educ)"],"message":[""]}
,
{"type":["check_chunk"],"time":["2021-05-05 18:58:06"],"user":["Jana Russ"],"umph":[1620233886.0712],"ok":[true],"chunk":[17],"ex":[1],"e.ind":[0],"code":["grViz('digraph G {\n\nx [label=\"Ausbildungsjahre x\"]\ny [label=\"Stundenlohn y\"]\nw [label=\"Arbeitserfahrung\"]\n\nx -> y [label=\"+\"];\nx -> w [label=\"-\"];\nw -> y [label=\"+\"];\n}')\n"],"message":[""]}
,
{"type":["check_chunk"],"time":["2021-05-05 18:58:06"],"user":["Jana Russ"],"umph":[1620233886.1086],"ok":[true],"chunk":[18],"ex":[1],"e.ind":[0],"code":["coef(lm(wage~educ, data=wage1))"],"message":[""]}
,
{"type":["check_chunk"],"time":["2021-05-05 18:58:06"],"user":["Jana Russ"],"umph":[1620233886.1562],"ok":[true],"chunk":[19],"ex":[1],"e.ind":[0],"code":["\n\"groesser\"\n"],"message":[""]}
,
{"type":["check_chunk"],"time":["2021-05-05 18:58:06"],"user":["Jana Russ"],"umph":[1620233886.2185],"ok":[true],"chunk":[20],"ex":[1],"e.ind":[0],"code":["coef(lm(wage~educ+exper, data=wage1))"],"message":[""]}
,
{"type":["check_chunk"],"time":["2021-05-05 18:58:06"],"user":["Jana Russ"],"umph":[1620233886.2655],"ok":[true],"chunk":[21],"ex":[1],"e.ind":[0],"code":["\n0.54\n"],"message":[""]}
,
{"type":["check_chunk"],"time":["2021-05-05 18:58:06"],"user":["Jana Russ"],"umph":[1620233886.3263],"ok":[true],"chunk":[22],"ex":[1],"e.ind":[0],"code":["reg1 <- lm(wage ~ educ, data = wage1)\nreg2 <- lm(wage ~ educ + female + nonwhite, data=wage1)\n\nreg3 <- lm(wage ~ educ + female + nonwhite + exper,data=wage1)\n"],"message":[""]}
,
{"type":["check_chunk"],"time":["2021-05-05 18:58:06"],"user":["Jana Russ"],"umph":[1620233886.7226],"ok":[true],"chunk":[23],"ex":[1],"e.ind":[0],"code":["stargazer( reg1, reg2, reg3 ,type = \"text\",  digits=2, omit.stat = c(\"f\",\"ser\"))"],"message":[""]}
,
{"type":["check_chunk"],"time":["2021-05-05 18:58:06"],"user":["Jana Russ"],"umph":[1620233886.7881],"ok":[true],"chunk":[25],"ex":[2],"e.ind":[0],"code":["\nn_train <- sum(jtrain2$train)\n\nn_train\n"],"message":[""]}
,
{"type":["check_chunk"],"time":["2021-05-05 18:58:06"],"user":["Jana Russ"],"umph":[1620233886.8071],"ok":[true],"chunk":[26],"ex":[2],"e.ind":[0],"code":["\n2\n"],"message":[""]}
,
{"type":["check_chunk"],"time":["2021-05-05 18:58:06"],"user":["Jana Russ"],"umph":[1620233886.8393],"ok":[true],"chunk":[27],"ex":[2],"e.ind":[0],"code":["\nreg1 <- lm(unem78 ~ train, data = jtrain3)\nsummary(reg1)\n"],"message":[""]}
,
{"type":["check_chunk"],"time":["2021-05-05 18:58:06"],"user":["Jana Russ"],"umph":[1620233886.9222],"ok":[true],"chunk":[28],"ex":[2],"e.ind":[0],"code":["jtrain3 %>% \n group_by(unem75) %>%\n summarize(mean(train), mean(unem78))\n\n# enter your code here ...\n"],"message":[""]}
,
{"type":["check_chunk"],"time":["2021-05-05 18:58:07"],"user":["Jana Russ"],"umph":[1620233887.224],"ok":[true],"chunk":[29],"ex":[2],"e.ind":[0],"code":["library(DiagrammeR)\ngrViz('digraph G {\n\nx [label=\"Weiterbildung in 1977\"]\ny [label=\"Arbeitslos in 1978\"]\nw [label=\"Arbeitslos in 1975\"]\n\nx -> y [label=\"?\"]\nw -> x [label=\"+\"]\nw -> y [label=\"+\"]\n}')"],"message":[""]}
,
{"type":["check_chunk"],"time":["2021-05-05 18:58:07"],"user":["Jana Russ"],"umph":[1620233887.2889],"ok":[true],"chunk":[30],"ex":[2],"e.ind":[0],"code":["\n\"kleiner\"\n"],"message":[""]}
,
{"type":["check_chunk"],"time":["2021-05-05 18:58:07"],"user":["Jana Russ"],"umph":[1620233887.4253],"ok":[true],"chunk":[31],"ex":[2],"e.ind":[0],"code":["reg2 <- lm(unem78~ train + unem75, data = jtrain3)\nstargazer(reg2)\n"],"message":[""]}
,
{"type":["check_chunk"],"time":["2021-05-05 18:58:07"],"user":["Jana Russ"],"umph":[1620233887.5005],"ok":[true],"chunk":[32],"ex":[2],"e.ind":[0],"code":["\njtrain3_la <- filter(jtrain3, unem75 == 1)\njtrain3_ka <- filter(jtrain3, unem75 != 1)\n"],"message":[""]}
,
{"type":["check_chunk"],"time":["2021-05-05 18:58:08"],"user":["Jana Russ"],"umph":[1620233888.0712],"ok":[true],"chunk":[33],"ex":[2],"e.ind":[0],"code":["\nreg_la <- lm(unem78 ~ train, data = jtrain3_la)\nreg_ka <- lm(unem78 ~ train, data = jtrain3_ka)\n\nstargazer(reg1, reg2, reg_la, reg_ka,type=\"text\",keep.stat=c(\"n\"), column.labels = c(\"alle\",\"alle\", \"Lang Alo\",\"Kurz Alo\") )"],"message":[""]}
,
{"type":["check_chunk"],"time":["2021-05-05 18:58:08"],"user":["Jana Russ"],"umph":[1620233888.6253],"ok":[true],"chunk":[34],"ex":[2],"e.ind":[0],"code":["reg3 <- lm(unem78 ~ train + unem75 + train:unem75 , data=jtrain3)\nstargazer(reg_la, reg_ka, reg3, type=\"text\",keep.stat=c(\"n\"), column.labels = c(\"Lang Alo\",\"Kurz Alo\", \"alle\") )"],"message":[""]}
,
{"type":["check_chunk"],"time":["2021-05-05 18:58:08"],"user":["Jana Russ"],"umph":[1620233888.6506],"ok":[true],"chunk":[35],"ex":[2],"e.ind":[0],"code":["\n\"nein\"\n"],"message":[""]}
,
{"type":["init_ps"],"time":["2021-05-05 18:58:54"],"user":["Jana Russ"],"umph":[1620233934.524],"ok":[true]}
,
{"type":["check_chunk"],"time":["2021-05-05 18:58:55"],"user":["Jana Russ"],"umph":[1620233935.7085],"ok":[true],"chunk":[1],"ex":[1],"e.ind":[0],"code":["library(wooldridge)\nlibrary(skimr)\nlibrary(DiagrammeR)\nlibrary(stargazer)\ndata(wage1)\nhead(wage1)\nskim(wage1)"],"message":[""]}
,
{"type":["check_chunk"],"time":["2021-05-05 18:58:55"],"user":["Jana Russ"],"umph":[1620233935.7613],"ok":[true],"chunk":[2],"ex":[1],"e.ind":[0],"code":["\nreg1 <- lm(wage ~ educ, data = wage1)\nsummary(reg1)\n\n# enter your code here ...\n"],"message":[""]}
,
{"type":["check_chunk"],"time":["2021-05-05 18:58:55"],"user":["Jana Russ"],"umph":[1620233935.7843],"ok":[true],"chunk":[3],"ex":[1],"e.ind":[0],"code":["\n\"nein\"\n"],"message":[""]}
,
{"type":["check_chunk"],"time":["2021-05-05 18:58:55"],"user":["Jana Russ"],"umph":[1620233935.9072],"ok":[true],"chunk":[4],"ex":[1],"e.ind":[0],"code":["wage1 %>%\n mutate(gender = ifelse(female==1,\"female\",\"male\")) %>%\n group_by(gender) %>%\n summarize(mean(educ))\n\n# enter your code here ...\n"],"message":[""]}
,
{"type":["check_chunk"],"time":["2021-05-05 18:58:56"],"user":["Jana Russ"],"umph":[1620233936.1598],"ok":[true],"chunk":[5],"ex":[1],"e.ind":[0],"code":["grViz('digraph G {\n\nx [label=\"Ausbildungsjahre x\"]\ny [label=\"Stundenlohn y\"]\nw [label=\"maennlich\"]\n\nx -> y [label=\"+\"];\nw -> x [label=\"+\"];\nw -> y [label=\"+\"];\n}')"],"message":[""]}
,
{"type":["check_chunk"],"time":["2021-05-05 18:58:56"],"user":["Jana Russ"],"umph":[1620233936.1921],"ok":[true],"chunk":[6],"ex":[1],"e.ind":[0],"code":["\n1\n"],"message":[""]}
,
{"type":["check_chunk"],"time":["2021-05-05 18:58:56"],"user":["Jana Russ"],"umph":[1620233936.2522],"ok":[true],"chunk":[7],"ex":[1],"e.ind":[0],"code":["reg2 <- lm(wage ~ educ + female, data=wage1)\nsummary(reg2)"],"message":[""]}
,
{"type":["check_chunk"],"time":["2021-05-05 18:58:56"],"user":["Jana Russ"],"umph":[1620233936.5957],"ok":[true],"chunk":[8],"ex":[1],"e.ind":[0],"code":["grViz('digraph G {\nx -> y [label=\"+\"];\nw -> y [label=\"+\"];\n}')"],"message":[""]}
,
{"type":["check_chunk"],"time":["2021-05-05 18:58:56"],"user":["Jana Russ"],"umph":[1620233936.6199],"ok":[true],"chunk":[9],"ex":[1],"e.ind":[0],"code":["\n\"unverzerrt\"\n"],"message":[""]}
,
{"type":["check_chunk"],"time":["2021-05-05 18:58:57"],"user":["Jana Russ"],"umph":[1620233937.1152],"ok":[true],"chunk":[10],"ex":[1],"e.ind":[0],"code":["########################################\n# Beispiel 1: w hat nur Einfluss auf y\n########################################\nset.seed(123)\nn <- 10000\nbeta1 <- 2 # wahrer kausaler effekt\nw <- rnorm(n,0,1)\nx <- rnorm(n,0,1)\ny <- beta1*x + w + rnorm(n,0,1)\n\n# Regression mit w als Kontrollvariable\nreg1 <- lm(y~x+w)\n# Regression ohne w als Kontrollvariable\nreg2 <- lm(y~x)\n# Zeige Ergbenisse nebeneinander\nlibrary(stargazer)\nstargazer(reg1, reg2, type=\"text\", digits=3, keep.stat=c(\"n\"))"],"message":[""]}
,
{"type":["check_chunk"],"time":["2021-05-05 18:58:57"],"user":["Jana Russ"],"umph":[1620233937.5566],"ok":[true],"chunk":[11],"ex":[1],"e.ind":[0],"code":["########################################\n# Beispiel 2: w hat Einfluss auf y und x\n########################################\nset.seed(123)\nn <- 10000\nbeta1 <- 2 # wahrer kausaler effekt\nw <- rnorm(n,0,1)\nx <- rnorm(n,0,1) + w\ny <- beta1*x + w + rnorm(n,0,1)\n\n# Regression mit w als Kontrollvariable\nreg1 <- lm(y~x+w)\n# Regression ohne w als Kontrollvariable\nreg2 <- lm(y~x)\n# Zeige Ergbenisse nebeneinander\nstargazer(reg1, reg2, type=\"text\", digits=3, keep.stat=c(\"n\"))"],"message":[""]}
,
{"type":["check_chunk"],"time":["2021-05-05 18:58:57"],"user":["Jana Russ"],"umph":[1620233937.596],"ok":[true],"chunk":[12],"ex":[1],"e.ind":[0],"code":["\n\"nein\"\n"],"message":[""]}
,
{"type":["check_chunk"],"time":["2021-05-05 18:58:57"],"user":["Jana Russ"],"umph":[1620233937.646],"ok":[true],"chunk":[13],"ex":[1],"e.ind":[0],"code":["confint(lm(y~x))"],"message":[""]}
,
{"type":["check_chunk"],"time":["2021-05-05 18:58:57"],"user":["Jana Russ"],"umph":[1620233937.7225],"ok":[true],"chunk":[14],"ex":[1],"e.ind":[0],"code":["\nconfint(lm(y~x),level = 0.99)\n"],"message":[""]}
,
{"type":["check_chunk"],"time":["2021-05-05 18:58:57"],"user":["Jana Russ"],"umph":[1620233937.7543],"ok":[true],"chunk":[15],"ex":[1],"e.ind":[0],"code":["cor(wage1$exper,wage1$wage)"],"message":[""]}
,
{"type":["check_chunk"],"time":["2021-05-05 18:58:57"],"user":["Jana Russ"],"umph":[1620233937.7837],"ok":[true],"chunk":[16],"ex":[1],"e.ind":[0],"code":["cor(wage1$exper,wage1$educ)"],"message":[""]}
,
{"type":["check_chunk"],"time":["2021-05-05 18:58:58"],"user":["Jana Russ"],"umph":[1620233938.0162],"ok":[true],"chunk":[17],"ex":[1],"e.ind":[0],"code":["grViz('digraph G {\n\nx [label=\"Ausbildungsjahre x\"]\ny [label=\"Stundenlohn y\"]\nw [label=\"Arbeitserfahrung\"]\n\nx -> y [label=\"+\"];\nx -> w [label=\"-\"];\nw -> y [label=\"+\"];\n}')\n"],"message":[""]}
,
{"type":["check_chunk"],"time":["2021-05-05 18:58:58"],"user":["Jana Russ"],"umph":[1620233938.0343],"ok":[true],"chunk":[18],"ex":[1],"e.ind":[0],"code":["coef(lm(wage~educ, data=wage1))"],"message":[""]}
,
{"type":["check_chunk"],"time":["2021-05-05 18:58:58"],"user":["Jana Russ"],"umph":[1620233938.0736],"ok":[true],"chunk":[19],"ex":[1],"e.ind":[0],"code":["\n\"groesser\"\n"],"message":[""]}
,
{"type":["check_chunk"],"time":["2021-05-05 18:58:58"],"user":["Jana Russ"],"umph":[1620233938.1008],"ok":[true],"chunk":[20],"ex":[1],"e.ind":[0],"code":["coef(lm(wage~educ+exper, data=wage1))"],"message":[""]}
,
{"type":["check_chunk"],"time":["2021-05-05 18:58:58"],"user":["Jana Russ"],"umph":[1620233938.1387],"ok":[true],"chunk":[21],"ex":[1],"e.ind":[0],"code":["\n0.54\n"],"message":[""]}
,
{"type":["check_chunk"],"time":["2021-05-05 18:58:58"],"user":["Jana Russ"],"umph":[1620233938.2241],"ok":[true],"chunk":[22],"ex":[1],"e.ind":[0],"code":["reg1 <- lm(wage ~ educ, data = wage1)\nreg2 <- lm(wage ~ educ + female + nonwhite, data=wage1)\n\nreg3 <- lm(wage ~ educ + female + nonwhite + exper,data=wage1)\n"],"message":[""]}
,
{"type":["check_chunk"],"time":["2021-05-05 18:58:58"],"user":["Jana Russ"],"umph":[1620233938.8868],"ok":[true],"chunk":[23],"ex":[1],"e.ind":[0],"code":["stargazer( reg1, reg2, reg3 ,type = \"text\",  digits=2, omit.stat = c(\"f\",\"ser\"))"],"message":[""]}
,
{"type":["check_chunk"],"time":["2021-05-05 18:58:58"],"user":["Jana Russ"],"umph":[1620233938.9329],"ok":[true],"chunk":[25],"ex":[2],"e.ind":[0],"code":["\nn_train <- sum(jtrain2$train)\n\nn_train\n"],"message":[""]}
,
{"type":["check_chunk"],"time":["2021-05-05 18:58:58"],"user":["Jana Russ"],"umph":[1620233938.9612],"ok":[true],"chunk":[26],"ex":[2],"e.ind":[0],"code":["\n2\n"],"message":[""]}
,
{"type":["check_chunk"],"time":["2021-05-05 18:58:59"],"user":["Jana Russ"],"umph":[1620233939.0215],"ok":[true],"chunk":[27],"ex":[2],"e.ind":[0],"code":["\nreg1 <- lm(unem78 ~ train, data = jtrain3)\nsummary(reg1)\n"],"message":[""]}
,
{"type":["check_chunk"],"time":["2021-05-05 18:58:59"],"user":["Jana Russ"],"umph":[1620233939.1238],"ok":[true],"chunk":[28],"ex":[2],"e.ind":[0],"code":["jtrain3 %>% \n group_by(unem75) %>%\n summarize(mean(train), mean(unem78))\n\n# enter your code here ...\n"],"message":[""]}
,
{"type":["check_chunk"],"time":["2021-05-05 18:58:59"],"user":["Jana Russ"],"umph":[1620233939.4234],"ok":[true],"chunk":[29],"ex":[2],"e.ind":[0],"code":["library(DiagrammeR)\ngrViz('digraph G {\n\nx [label=\"Weiterbildung in 1977\"]\ny [label=\"Arbeitslos in 1978\"]\nw [label=\"Arbeitslos in 1975\"]\n\nx -> y [label=\"?\"]\nw -> x [label=\"+\"]\nw -> y [label=\"+\"]\n}')"],"message":[""]}
,
{"type":["check_chunk"],"time":["2021-05-05 18:58:59"],"user":["Jana Russ"],"umph":[1620233939.4438],"ok":[true],"chunk":[30],"ex":[2],"e.ind":[0],"code":["\n\"kleiner\"\n"],"message":[""]}
,
{"type":["check_chunk"],"time":["2021-05-05 18:58:59"],"user":["Jana Russ"],"umph":[1620233939.571],"ok":[true],"chunk":[31],"ex":[2],"e.ind":[0],"code":["reg2 <- lm(unem78~ train + unem75, data = jtrain3)\nstargazer(reg2)\n"],"message":[""]}
,
{"type":["check_chunk"],"time":["2021-05-05 18:58:59"],"user":["Jana Russ"],"umph":[1620233939.6279],"ok":[true],"chunk":[32],"ex":[2],"e.ind":[0],"code":["\njtrain3_la <- filter(jtrain3, unem75 == 1)\njtrain3_ka <- filter(jtrain3, unem75 != 1)\n"],"message":[""]}
,
{"type":["check_chunk"],"time":["2021-05-05 18:59:00"],"user":["Jana Russ"],"umph":[1620233940.0572],"ok":[true],"chunk":[33],"ex":[2],"e.ind":[0],"code":["\nreg_la <- lm(unem78 ~ train, data = jtrain3_la)\nreg_ka <- lm(unem78 ~ train, data = jtrain3_ka)\n\nstargazer(reg1, reg2, reg_la, reg_ka,type=\"text\",keep.stat=c(\"n\"), column.labels = c(\"alle\",\"alle\", \"Lang Alo\",\"Kurz Alo\") )"],"message":[""]}
,
{"type":["check_chunk"],"time":["2021-05-05 18:59:00"],"user":["Jana Russ"],"umph":[1620233940.4604],"ok":[true],"chunk":[34],"ex":[2],"e.ind":[0],"code":["reg3 <- lm(unem78 ~ train + unem75 + train:unem75 , data=jtrain3)\nstargazer(reg_la, reg_ka, reg3, type=\"text\",keep.stat=c(\"n\"), column.labels = c(\"Lang Alo\",\"Kurz Alo\", \"alle\") )"],"message":[""]}
,
{"type":["check_chunk"],"time":["2021-05-05 18:59:00"],"user":["Jana Russ"],"umph":[1620233940.4803],"ok":[true],"chunk":[35],"ex":[2],"e.ind":[0],"code":["\n\"nein\"\n"],"message":[""]}
,
{"type":["grade_ps"],"time":["2021-05-05 18:59:48"],"user":["Jana Russ"],"umph":[1620233988.3815],"ok":[true]}
,
{"type":["init_ps"],"time":["2021-05-05 18:59:48"],"user":["Jana Russ"],"umph":[1620233988.4288],"ok":[true]}
,
{"type":["check_chunk"],"time":["2021-05-05 18:59:49"],"user":["Jana Russ"],"umph":[1620233989.4201],"ok":[true],"chunk":[1],"ex":[1],"e.ind":[0],"code":["library(wooldridge)\nlibrary(skimr)\nlibrary(DiagrammeR)\nlibrary(stargazer)\ndata(wage1)\nhead(wage1)\nskim(wage1)"],"message":[""]}
,
{"type":["check_chunk"],"time":["2021-05-05 18:59:49"],"user":["Jana Russ"],"umph":[1620233989.4776],"ok":[true],"chunk":[2],"ex":[1],"e.ind":[0],"code":["\nreg1 <- lm(wage ~ educ, data = wage1)\nsummary(reg1)\n\n# enter your code here ...\n"],"message":[""]}
,
{"type":["check_chunk"],"time":["2021-05-05 18:59:49"],"user":["Jana Russ"],"umph":[1620233989.5109],"ok":[true],"chunk":[3],"ex":[1],"e.ind":[0],"code":["\n\"nein\"\n"],"message":[""]}
,
{"type":["check_chunk"],"time":["2021-05-05 18:59:49"],"user":["Jana Russ"],"umph":[1620233989.5969],"ok":[true],"chunk":[4],"ex":[1],"e.ind":[0],"code":["wage1 %>%\n mutate(gender = ifelse(female==1,\"female\",\"male\")) %>%\n group_by(gender) %>%\n summarize(mean(educ))\n\n# enter your code here ...\n"],"message":[""]}
,
{"type":["check_chunk"],"time":["2021-05-05 18:59:49"],"user":["Jana Russ"],"umph":[1620233989.8879],"ok":[true],"chunk":[5],"ex":[1],"e.ind":[0],"code":["grViz('digraph G {\n\nx [label=\"Ausbildungsjahre x\"]\ny [label=\"Stundenlohn y\"]\nw [label=\"maennlich\"]\n\nx -> y [label=\"+\"];\nw -> x [label=\"+\"];\nw -> y [label=\"+\"];\n}')"],"message":[""]}
,
{"type":["check_chunk"],"time":["2021-05-05 18:59:49"],"user":["Jana Russ"],"umph":[1620233989.9397],"ok":[true],"chunk":[6],"ex":[1],"e.ind":[0],"code":["\n1\n"],"message":[""]}
,
{"type":["check_chunk"],"time":["2021-05-05 18:59:50"],"user":["Jana Russ"],"umph":[1620233990.0951],"ok":[true],"chunk":[7],"ex":[1],"e.ind":[0],"code":["reg2 <- lm(wage ~ educ + female, data=wage1)\nsummary(reg2)"],"message":[""]}
,
{"type":["check_chunk"],"time":["2021-05-05 18:59:50"],"user":["Jana Russ"],"umph":[1620233990.4593],"ok":[true],"chunk":[8],"ex":[1],"e.ind":[0],"code":["grViz('digraph G {\nx -> y [label=\"+\"];\nw -> y [label=\"+\"];\n}')"],"message":[""]}
,
{"type":["check_chunk"],"time":["2021-05-05 18:59:50"],"user":["Jana Russ"],"umph":[1620233990.4806],"ok":[true],"chunk":[9],"ex":[1],"e.ind":[0],"code":["\n\"unverzerrt\"\n"],"message":[""]}
,
{"type":["check_chunk"],"time":["2021-05-05 18:59:50"],"user":["Jana Russ"],"umph":[1620233990.7879],"ok":[true],"chunk":[10],"ex":[1],"e.ind":[0],"code":["########################################\n# Beispiel 1: w hat nur Einfluss auf y\n########################################\nset.seed(123)\nn <- 10000\nbeta1 <- 2 # wahrer kausaler effekt\nw <- rnorm(n,0,1)\nx <- rnorm(n,0,1)\ny <- beta1*x + w + rnorm(n,0,1)\n\n# Regression mit w als Kontrollvariable\nreg1 <- lm(y~x+w)\n# Regression ohne w als Kontrollvariable\nreg2 <- lm(y~x)\n# Zeige Ergbenisse nebeneinander\nlibrary(stargazer)\nstargazer(reg1, reg2, type=\"text\", digits=3, keep.stat=c(\"n\"))"],"message":[""]}
,
{"type":["check_chunk"],"time":["2021-05-05 18:59:51"],"user":["Jana Russ"],"umph":[1620233991.0869],"ok":[true],"chunk":[11],"ex":[1],"e.ind":[0],"code":["########################################\n# Beispiel 2: w hat Einfluss auf y und x\n########################################\nset.seed(123)\nn <- 10000\nbeta1 <- 2 # wahrer kausaler effekt\nw <- rnorm(n,0,1)\nx <- rnorm(n,0,1) + w\ny <- beta1*x + w + rnorm(n,0,1)\n\n# Regression mit w als Kontrollvariable\nreg1 <- lm(y~x+w)\n# Regression ohne w als Kontrollvariable\nreg2 <- lm(y~x)\n# Zeige Ergbenisse nebeneinander\nstargazer(reg1, reg2, type=\"text\", digits=3, keep.stat=c(\"n\"))"],"message":[""]}
,
{"type":["check_chunk"],"time":["2021-05-05 18:59:51"],"user":["Jana Russ"],"umph":[1620233991.1112],"ok":[true],"chunk":[12],"ex":[1],"e.ind":[0],"code":["\n\"nein\"\n"],"message":[""]}
,
{"type":["check_chunk"],"time":["2021-05-05 18:59:51"],"user":["Jana Russ"],"umph":[1620233991.1368],"ok":[true],"chunk":[13],"ex":[1],"e.ind":[0],"code":["confint(lm(y~x))"],"message":[""]}
,
{"type":["check_chunk"],"time":["2021-05-05 18:59:51"],"user":["Jana Russ"],"umph":[1620233991.1859],"ok":[true],"chunk":[14],"ex":[1],"e.ind":[0],"code":["\nconfint(lm(y~x),level = 0.99)\n"],"message":[""]}
,
{"type":["check_chunk"],"time":["2021-05-05 18:59:51"],"user":["Jana Russ"],"umph":[1620233991.204],"ok":[true],"chunk":[15],"ex":[1],"e.ind":[0],"code":["cor(wage1$exper,wage1$wage)"],"message":[""]}
,
{"type":["check_chunk"],"time":["2021-05-05 18:59:51"],"user":["Jana Russ"],"umph":[1620233991.2295],"ok":[true],"chunk":[16],"ex":[1],"e.ind":[0],"code":["cor(wage1$exper,wage1$educ)"],"message":[""]}
,
{"type":["check_chunk"],"time":["2021-05-05 18:59:51"],"user":["Jana Russ"],"umph":[1620233991.5653],"ok":[true],"chunk":[17],"ex":[1],"e.ind":[0],"code":["grViz('digraph G {\n\nx [label=\"Ausbildungsjahre x\"]\ny [label=\"Stundenlohn y\"]\nw [label=\"Arbeitserfahrung\"]\n\nx -> y [label=\"+\"];\nx -> w [label=\"-\"];\nw -> y [label=\"+\"];\n}')\n"],"message":[""]}
,
{"type":["check_chunk"],"time":["2021-05-05 18:59:51"],"user":["Jana Russ"],"umph":[1620233991.6266],"ok":[true],"chunk":[18],"ex":[1],"e.ind":[0],"code":["coef(lm(wage~educ, data=wage1))"],"message":[""]}
,
{"type":["check_chunk"],"time":["2021-05-05 18:59:51"],"user":["Jana Russ"],"umph":[1620233991.6728],"ok":[true],"chunk":[19],"ex":[1],"e.ind":[0],"code":["\n\"groesser\"\n"],"message":[""]}
,
{"type":["check_chunk"],"time":["2021-05-05 18:59:51"],"user":["Jana Russ"],"umph":[1620233991.7176],"ok":[true],"chunk":[20],"ex":[1],"e.ind":[0],"code":["coef(lm(wage~educ+exper, data=wage1))"],"message":[""]}
,
{"type":["check_chunk"],"time":["2021-05-05 18:59:51"],"user":["Jana Russ"],"umph":[1620233991.7708],"ok":[true],"chunk":[21],"ex":[1],"e.ind":[0],"code":["\n0.54\n"],"message":[""]}
,
{"type":["check_chunk"],"time":["2021-05-05 18:59:51"],"user":["Jana Russ"],"umph":[1620233991.8406],"ok":[true],"chunk":[22],"ex":[1],"e.ind":[0],"code":["reg1 <- lm(wage ~ educ, data = wage1)\nreg2 <- lm(wage ~ educ + female + nonwhite, data=wage1)\n\nreg3 <- lm(wage ~ educ + female + nonwhite + exper,data=wage1)\n"],"message":[""]}
,
{"type":["check_chunk"],"time":["2021-05-05 18:59:52"],"user":["Jana Russ"],"umph":[1620233992.3198],"ok":[true],"chunk":[23],"ex":[1],"e.ind":[0],"code":["stargazer( reg1, reg2, reg3 ,type = \"text\",  digits=2, omit.stat = c(\"f\",\"ser\"))"],"message":[""]}
,
{"type":["check_chunk"],"time":["2021-05-05 18:59:53"],"user":["Jana Russ"],"umph":[1620233993.3463],"ok":[true],"chunk":[24],"ex":[2],"e.ind":[0],"code":["help(jtrain3)\ndata(jtrain3)\nhead(jtrain3)\nskim(jtrain3)"],"message":[""]}
,
{"type":["check_chunk"],"time":["2021-05-05 18:59:53"],"user":["Jana Russ"],"umph":[1620233993.3904],"ok":[true],"chunk":[25],"ex":[2],"e.ind":[0],"code":["\nn_train <- sum(jtrain2$train)\n\nn_train\n"],"message":[""]}
,
{"type":["check_chunk"],"time":["2021-05-05 18:59:53"],"user":["Jana Russ"],"umph":[1620233993.4151],"ok":[true],"chunk":[26],"ex":[2],"e.ind":[0],"code":["\n2\n"],"message":[""]}
,
{"type":["check_chunk"],"time":["2021-05-05 18:59:53"],"user":["Jana Russ"],"umph":[1620233993.4729],"ok":[true],"chunk":[27],"ex":[2],"e.ind":[0],"code":["\nreg1 <- lm(unem78 ~ train, data = jtrain3)\nsummary(reg1)\n"],"message":[""]}
,
{"type":["check_chunk"],"time":["2021-05-05 18:59:53"],"user":["Jana Russ"],"umph":[1620233993.5869],"ok":[true],"chunk":[28],"ex":[2],"e.ind":[0],"code":["jtrain3 %>% \n group_by(unem75) %>%\n summarize(mean(train), mean(unem78))\n\n# enter your code here ...\n"],"message":[""]}
,
{"type":["check_chunk"],"time":["2021-05-05 18:59:53"],"user":["Jana Russ"],"umph":[1620233993.8923],"ok":[true],"chunk":[29],"ex":[2],"e.ind":[0],"code":["library(DiagrammeR)\ngrViz('digraph G {\n\nx [label=\"Weiterbildung in 1977\"]\ny [label=\"Arbeitslos in 1978\"]\nw [label=\"Arbeitslos in 1975\"]\n\nx -> y [label=\"?\"]\nw -> x [label=\"+\"]\nw -> y [label=\"+\"]\n}')"],"message":[""]}
,
{"type":["check_chunk"],"time":["2021-05-05 18:59:53"],"user":["Jana Russ"],"umph":[1620233993.9446],"ok":[true],"chunk":[30],"ex":[2],"e.ind":[0],"code":["\n\"kleiner\"\n"],"message":[""]}
,
{"type":["check_chunk"],"time":["2021-05-05 18:59:54"],"user":["Jana Russ"],"umph":[1620233994.1179],"ok":[true],"chunk":[31],"ex":[2],"e.ind":[0],"code":["reg2 <- lm(unem78~ train + unem75, data = jtrain3)\nstargazer(reg2)\n"],"message":[""]}
,
{"type":["check_chunk"],"time":["2021-05-05 18:59:54"],"user":["Jana Russ"],"umph":[1620233994.2104],"ok":[true],"chunk":[32],"ex":[2],"e.ind":[0],"code":["\njtrain3_la <- filter(jtrain3, unem75 == 1)\njtrain3_ka <- filter(jtrain3, unem75 != 1)\n"],"message":[""]}
,
{"type":["check_chunk"],"time":["2021-05-05 18:59:54"],"user":["Jana Russ"],"umph":[1620233994.6829],"ok":[true],"chunk":[33],"ex":[2],"e.ind":[0],"code":["\nreg_la <- lm(unem78 ~ train, data = jtrain3_la)\nreg_ka <- lm(unem78 ~ train, data = jtrain3_ka)\n\nstargazer(reg1, reg2, reg_la, reg_ka,type=\"text\",keep.stat=c(\"n\"), column.labels = c(\"alle\",\"alle\", \"Lang Alo\",\"Kurz Alo\") )"],"message":[""]}
,
{"type":["check_chunk"],"time":["2021-05-05 18:59:55"],"user":["Jana Russ"],"umph":[1620233995.2937],"ok":[true],"chunk":[34],"ex":[2],"e.ind":[0],"code":["reg3 <- lm(unem78 ~ train + unem75 + train:unem75 , data=jtrain3)\nstargazer(reg_la, reg_ka, reg3, type=\"text\",keep.stat=c(\"n\"), column.labels = c(\"Lang Alo\",\"Kurz Alo\", \"alle\") )"],"message":[""]}
,
{"type":["check_chunk"],"time":["2021-05-05 18:59:55"],"user":["Jana Russ"],"umph":[1620233995.3236],"ok":[true],"chunk":[35],"ex":[2],"e.ind":[0],"code":["\n\"nein\"\n"],"message":[""]}
,
